app/build/intermediates/manifest_merge_blame_file/debug/manifest-merger-blame-debug-report.txt
1<?xml version="1.0" encoding="utf-8"?>
2<manifest xmlns:android="http://schemas.android.com/apk/res/android"
3    package="com.example.myapplication2020"
4    android:versionCode="1"
5    android:versionName="1.0" >
6
7    <uses-sdk
8        android:minSdkVersion="19"
8-->src\main\AndroidManifest.xml
9        android:targetSdkVersion="29" />
9-->src\main\AndroidManifest.xml
10
11    <application
11-->src\main\AndroidManifest.xml:5:5-29:19
12        android:allowBackup="true"
12-->src\main\AndroidManifest.xml:6:9-35
13        android:appComponentFactory="androidx.core.app.CoreComponentFactory"
13-->[androidx.core:core:1.0.2] AndroidManifest.xml:22:18-86
14        android:debuggable="true"
15        android:icon="@mipmap/ic_launcher"
15-->src\main\AndroidManifest.xml:7:9-43
16        android:label="@string/app_name"
16-->src\main\AndroidManifest.xml:8:9-41
17        android:roundIcon="@mipmap/ic_launcher_round"
17-->src\main\AndroidManifest.xml:9:9-54
18        android:supportsRtl="true"
18-->src\main\AndroidManifest.xml:10:9-35
19        android:testOnly="true"
20        android:theme="@style/AppTheme" >
20-->src\main\AndroidManifest.xml:11:9-40
21        <activity android:name="com.example.myapplication2020.AplicacionActivity" />
21-->src\main\AndroidManifest.xml:12:9-56
21-->src\main\AndroidManifest.xml:12:19-53
22        <activity
22-->src\main\AndroidManifest.xml:13:9-16:59
23            android:name="com.example.myapplication2020.ReceptorActivity"
23-->src\main\AndroidManifest.xml:14:13-45
24            android:label="@string/title_activity_receptor"
24-->src\main\AndroidManifest.xml:15:13-60
25            android:theme="@style/AppTheme.NoActionBar" />
25-->src\main\AndroidManifest.xml:16:13-56
26        <activity
26-->src\main\AndroidManifest.xml:17:9-24:20
27            android:name="com.example.myapplication2020.SplashActivity"
27-->src\main\AndroidManifest.xml:17:19-49
28            android:theme="@style/AppTheme.NoActionBar" >
28-->src\main\AndroidManifest.xml:18:13-56
29            <intent-filter>
29-->src\main\AndroidManifest.xml:19:13-23:29
30                <action android:name="android.intent.action.MAIN" />
30-->src\main\AndroidManifest.xml:20:17-69
30-->src\main\AndroidManifest.xml:20:25-66
31
32                <category android:name="android.intent.category.LAUNCHER" />
32-->src\main\AndroidManifest.xml:22:17-77
32-->src\main\AndroidManifest.xml:22:27-74
33            </intent-filter>
34        </activity>
35        <activity android:name="com.example.myapplication2020.MainActivity" >
35-->src\main\AndroidManifest.xml:26:9-27:20
35-->src\main\AndroidManifest.xml:26:19-47
36        </activity>
37    </application>
38
39</manifest>